<?xml version="1.0" encoding="UTF-8"?>
<!-- Generated by org.testng.reporters.JUnitReportReporter -->
<testsuite skipped="0" hostname="DXCINDAI683957" name="package1.Test4" tests="1" failures="0" timestamp="26 Apr 2019 09:19:35 GMT" time="9.039" errors="0">
  <testcase name="flipkart" time="9.039" classname="package1.Test4"/>
</testsuite> <!-- package1.Test4 -->
