<?xml version="1.0" encoding="UTF-8"?>
<!-- Generated by org.testng.reporters.JUnitReportReporter -->
<testsuite skipped="0" hostname="DXCINDAI683957" name="package1.Test1" tests="1" failures="0" timestamp="26 Apr 2019 09:19:35 GMT" time="5.581" errors="0">
  <testcase name="gmail" time="5.581" classname="package1.Test1"/>
</testsuite> <!-- package1.Test1 -->
